2025-09-07 21:16:32,062 | INFO | Logging to data\build_csvs.log
2025-09-07 21:16:32,064 | INFO | Seasons=[2014, 2015, 2016, 2017, 2018, 2019, 2020, 2021, 2022, 2023] | Teams=32 | OutDir=data
2025-09-07 21:16:32,064 | INFO | Loading pbp for seasons=[2014, 2015, 2016, 2017, 2018, 2019, 2020, 2021, 2022, 2023]
2025-09-07 21:17:42,010 | INFO | Logging to data\build_csvs.log
2025-09-07 21:17:42,012 | INFO | Seasons=[2014, 2015, 2016, 2017, 2018, 2019, 2020, 2021, 2022, 2023, 2024, 2025] | Teams=32 | OutDir=data
2025-09-07 21:17:42,012 | INFO | Loading pbp for seasons=[2014, 2015, 2016, 2017, 2018, 2019, 2020, 2021, 2022, 2023, 2024, 2025]
2025-09-07 21:20:09,956 | INFO | Wrote data\team_game_base.csv
2025-09-07 21:20:10,240 | INFO | Wrote data\team_game_iter1.csv
2025-09-07 21:20:12,777 | INFO | Wrote data\team_game_iter2.csv
2025-09-07 21:20:13,378 | INFO | Wrote data\Nfl_data.csv
2025-09-07 21:59:58,950 | INFO | Logging to data\build_csvs.log
2025-09-07 21:59:58,950 | INFO | Seasons=[2014, 2015, 2016, 2017, 2018, 2019, 2020, 2021, 2022, 2023, 2024, 2025] | Teams=32 | OutDir=data
2025-09-07 21:59:58,950 | INFO | Loading pbp for seasons=[2014, 2015, 2016, 2017, 2018, 2019, 2020, 2021, 2022, 2023, 2024, 2025]
2025-09-07 22:02:09,518 | INFO | Wrote data\team_game_base.csv
2025-09-07 22:02:09,808 | INFO | Wrote data\team_game_iter1.csv
2025-09-07 22:02:11,586 | INFO | Wrote data\team_game_iter2.csv
2025-09-07 22:02:12,090 | INFO | Wrote data\Nfl_data.csv
2025-09-07 22:02:33,631 | INFO | Logging to data\build_csvs.log
2025-09-07 22:02:33,632 | INFO | Seasons=[2014, 2015, 2016, 2017, 2018, 2019, 2020, 2021, 2022, 2023, 2024, 2025] | Teams=32 | OutDir=data
2025-09-07 22:02:33,632 | INFO | Loading pbp for seasons=[2014, 2015, 2016, 2017, 2018, 2019, 2020, 2021, 2022, 2023, 2024, 2025]
2025-09-07 22:04:35,814 | INFO | Wrote data\team_game_base.csv
2025-09-07 22:04:36,121 | INFO | Wrote data\team_game_iter1.csv
2025-09-07 22:04:38,884 | INFO | Wrote data\team_game_iter2.csv
2025-09-07 22:04:39,368 | INFO | Wrote data\Nfl_data.csv
2025-09-07 22:04:39,723 | INFO | Schema files written for data\Nfl_data.csv
